<?xml version="1.0" encoding="UTF-8"?>
<!-- Generated by org.testng.reporters.JUnitReportReporter -->
<testsuite skipped="0" hostname="DESKTOP-2F9I86H" name="FirstScript" tests="1" failures="0" timestamp="2020-07-24T18:26:03 IST" time="8.939" errors="0">
  <testcase name="launchBrowser" time="8.939" classname="FirstScript"/>
</testsuite> <!-- FirstScript -->
